{"label":"Lug'atim","level":"info","message":"Log ma'lumotlari","timestamp":"2025-03-18T04:20:42.608Z"}
{"label":"Lug'atim","level":"error","message":"ERROR ma'lumotlari","timestamp":"2025-03-18T04:20:42.614Z"}
{"label":"Lug'atim","level":"warn","message":"WARN ma'lumotlari","timestamp":"2025-03-18T04:20:42.616Z"}
{"label":"Lug'atim","level":"info","message":"INFO ma'lumotlari","timestamp":"2025-03-18T04:20:42.616Z"}
{"label":"Lug'atim","level":"info","message":"Log ma'lumotlari","timestamp":"2025-03-18T04:37:27.438Z"}
{"label":"Lug'atim","level":"info","message":"Log ma'lumotlari","timestamp":"2025-03-18T04:37:29.541Z"}
{"label":"Lug'atim","level":"error","message":"ERROR ma'lumotlari","timestamp":"2025-03-18T04:37:29.547Z"}
{"label":"Lug'atim","level":"warn","message":"WARN ma'lumotlari","timestamp":"2025-03-18T04:37:29.548Z"}
{"label":"Lug'atim","level":"info","message":"INFO ma'lumotlari","timestamp":"2025-03-18T04:37:29.549Z"}
{"label":"Lug'atim","level":"info","message":"Log ma'lumotlari","timestamp":"2025-03-18T04:37:33.989Z"}
{"label":"Lug'atim","level":"error","message":"ERROR ma'lumotlari","timestamp":"2025-03-18T04:37:33.996Z"}
{"label":"Lug'atim","level":"warn","message":"WARN ma'lumotlari","timestamp":"2025-03-18T04:37:33.997Z"}
{"label":"Lug'atim","level":"info","message":"INFO ma'lumotlari","timestamp":"2025-03-18T04:37:33.997Z"}
{"label":"Lug'atim","level":"info","message":"Log ma'lumotlari","timestamp":"2025-03-18T04:42:50.154Z"}
{"label":"Lug'atim","level":"error","message":"ERROR ma'lumotlari","timestamp":"2025-03-18T04:42:50.161Z"}
{"label":"Lug'atim","level":"warn","message":"WARN ma'lumotlari","timestamp":"2025-03-18T04:42:50.163Z"}
{"label":"Lug'atim","level":"info","message":"INFO ma'lumotlari","timestamp":"2025-03-18T04:42:50.164Z"}
{"label":"Lug'atim","level":"info","message":"Log ma'lumotlari","timestamp":"2025-03-18T04:43:12.316Z"}
{"label":"Lug'atim","level":"error","message":"ERROR ma'lumotlari","timestamp":"2025-03-18T04:43:12.322Z"}
{"label":"Lug'atim","level":"warn","message":"WARN ma'lumotlari","timestamp":"2025-03-18T04:43:12.324Z"}
{"label":"Lug'atim","level":"info","message":"INFO ma'lumotlari","timestamp":"2025-03-18T04:43:12.324Z"}
{"body":"{\r\n    \"username\":\"dev\",\r\n    \"first_name\":\"Mohirdev\",\r\n    \"last_name\":\"Developer\",\r\n    \"email\":\"abrorbekrr11@gmail.com\",\r\n    \"password\":\"A55404455\",\r\n    \"confirm_password\":\"A5540445\",\r\n    \"phone\":\"90-423-21-36\"\r\n    \"role\":\"user\"\r\n}","expose":true,"label":"Lug'atim","level":"error","status":400,"statusCode":400,"timestamp":"2025-03-18T04:45:47.991Z","type":"entity.parse.failed"}
{"label":"Lug'atim","level":"info","message":"Log ma'lumotlari","timestamp":"2025-03-18T04:45:50.396Z"}
{"label":"Lug'atim","level":"error","message":"ERROR ma'lumotlari","timestamp":"2025-03-18T04:45:50.402Z"}
{"label":"Lug'atim","level":"warn","message":"WARN ma'lumotlari","timestamp":"2025-03-18T04:45:50.404Z"}
{"label":"Lug'atim","level":"info","message":"INFO ma'lumotlari","timestamp":"2025-03-18T04:45:50.404Z"}
{"body":"{\r\n    \"username\":\"dev\",\r\n    \"first_name\":\"Mohirdev\",\r\n    \"last_name\":\"Developer\",\r\n    \"email\":\"abrorbekrr11@gmail.com\",\r\n    \"password\":\"A55404455\",\r\n    \"confirm_password\":\"A5540445\",\r\n    \"phone\":\"90-423-21-36\"\r\n    \"role\":\"user\"\r\n}","expose":true,"label":"Lug'atim","level":"error","status":400,"statusCode":400,"timestamp":"2025-03-18T04:46:47.840Z","type":"entity.parse.failed"}
{"body":"{\r\n    \"username\":\"dev\",\r\n    \"first_name\":\"Mohirdev\",\r\n    \"last_name\":\"Developer\",\r\n    \"email\":\"abrorbekrr11@gmail.com\",\r\n    \"password\":\"A55404455\",\r\n    \"confirm_password\":\"A5540445\",\r\n    \"phone\":\"90-423-21-36\"\r\n    \"role\":\"user\"\r\n}","expose":true,"label":"Lug'atim","level":"error","status":400,"statusCode":400,"timestamp":"2025-03-18T04:46:52.218Z","type":"entity.parse.failed"}
{"label":"Lug'atim","level":"info","message":"Log ma'lumotlari","timestamp":"2025-03-18T05:03:07.250Z"}
{"label":"Lug'atim","level":"error","message":"ERROR ma'lumotlari","timestamp":"2025-03-18T05:03:07.256Z"}
{"label":"Lug'atim","level":"warn","message":"WARN ma'lumotlari","timestamp":"2025-03-18T05:03:07.257Z"}
{"label":"Lug'atim","level":"info","message":"INFO ma'lumotlari","timestamp":"2025-03-18T05:03:07.258Z"}
{"label":"Lug'atim","level":"info","message":"Log ma'lumotlari","timestamp":"2025-03-18T05:03:13.695Z"}
{"label":"Lug'atim","level":"error","message":"ERROR ma'lumotlari","timestamp":"2025-03-18T05:03:13.701Z"}
{"label":"Lug'atim","level":"warn","message":"WARN ma'lumotlari","timestamp":"2025-03-18T05:03:13.703Z"}
{"label":"Lug'atim","level":"info","message":"INFO ma'lumotlari","timestamp":"2025-03-18T05:03:13.703Z"}
{"label":"Lug'atim","level":"info","message":"Log ma'lumotlari","timestamp":"2025-03-18T05:03:25.120Z"}
{"label":"Lug'atim","level":"error","message":"ERROR ma'lumotlari","timestamp":"2025-03-18T05:03:25.125Z"}
{"label":"Lug'atim","level":"warn","message":"WARN ma'lumotlari","timestamp":"2025-03-18T05:03:25.127Z"}
{"label":"Lug'atim","level":"info","message":"INFO ma'lumotlari","timestamp":"2025-03-18T05:03:25.127Z"}
{"label":"Lug'atim","level":"info","message":"Log ma'lumotlari","timestamp":"2025-03-18T05:04:56.164Z"}
{"label":"Lug'atim","level":"error","message":"ERROR ma'lumotlari","timestamp":"2025-03-18T05:04:56.171Z"}
{"label":"Lug'atim","level":"warn","message":"WARN ma'lumotlari","timestamp":"2025-03-18T05:04:56.173Z"}
{"label":"Lug'atim","level":"info","message":"INFO ma'lumotlari","timestamp":"2025-03-18T05:04:56.173Z"}
{"label":"Lug'atim","level":"info","message":"Log ma'lumotlari","timestamp":"2025-03-18T05:07:06.309Z"}
{"label":"Lug'atim","level":"error","message":"ERROR ma'lumotlari","timestamp":"2025-03-18T05:07:06.316Z"}
{"label":"Lug'atim","level":"warn","message":"WARN ma'lumotlari","timestamp":"2025-03-18T05:07:06.317Z"}
{"label":"Lug'atim","level":"info","message":"INFO ma'lumotlari","timestamp":"2025-03-18T05:07:06.317Z"}
{"label":"Lug'atim","level":"info","message":"Log ma'lumotlari","timestamp":"2025-03-18T05:07:40.166Z"}
{"label":"Lug'atim","level":"error","message":"ERROR ma'lumotlari","timestamp":"2025-03-18T05:07:40.172Z"}
{"label":"Lug'atim","level":"warn","message":"WARN ma'lumotlari","timestamp":"2025-03-18T05:07:40.173Z"}
{"label":"Lug'atim","level":"info","message":"INFO ma'lumotlari","timestamp":"2025-03-18T05:07:40.174Z"}
{"label":"Lug'atim","level":"info","message":"Log ma'lumotlari","timestamp":"2025-03-18T05:07:56.125Z"}
{"label":"Lug'atim","level":"error","message":"ERROR ma'lumotlari","timestamp":"2025-03-18T05:07:56.131Z"}
{"label":"Lug'atim","level":"warn","message":"WARN ma'lumotlari","timestamp":"2025-03-18T05:07:56.132Z"}
{"label":"Lug'atim","level":"info","message":"INFO ma'lumotlari","timestamp":"2025-03-18T05:07:56.132Z"}
{"label":"Lug'atim","level":"info","message":"Log ma'lumotlari","timestamp":"2025-03-18T05:08:36.512Z"}
{"label":"Lug'atim","level":"error","message":"ERROR ma'lumotlari","timestamp":"2025-03-18T05:08:36.519Z"}
{"label":"Lug'atim","level":"warn","message":"WARN ma'lumotlari","timestamp":"2025-03-18T05:08:36.521Z"}
{"label":"Lug'atim","level":"info","message":"INFO ma'lumotlari","timestamp":"2025-03-18T05:08:36.521Z"}
{"label":"Lug'atim","level":"info","message":"Log ma'lumotlari","timestamp":"2025-03-18T05:09:15.120Z"}
{"label":"Lug'atim","level":"error","message":"ERROR ma'lumotlari","timestamp":"2025-03-18T05:09:15.127Z"}
{"label":"Lug'atim","level":"warn","message":"WARN ma'lumotlari","timestamp":"2025-03-18T05:09:15.128Z"}
{"label":"Lug'atim","level":"info","message":"INFO ma'lumotlari","timestamp":"2025-03-18T05:09:15.129Z"}
{"label":"Lug'atim","level":"info","message":"Log ma'lumotlari","timestamp":"2025-03-18T05:12:07.611Z"}
{"label":"Lug'atim","level":"error","message":"ERROR ma'lumotlari","timestamp":"2025-03-18T05:12:07.618Z"}
{"label":"Lug'atim","level":"warn","message":"WARN ma'lumotlari","timestamp":"2025-03-18T05:12:07.619Z"}
{"label":"Lug'atim","level":"info","message":"INFO ma'lumotlari","timestamp":"2025-03-18T05:12:07.620Z"}
{"label":"Lug'atim","level":"info","message":"Log ma'lumotlari","timestamp":"2025-03-18T05:12:23.397Z"}
{"label":"Lug'atim","level":"error","message":"ERROR ma'lumotlari","timestamp":"2025-03-18T05:12:23.403Z"}
{"label":"Lug'atim","level":"warn","message":"WARN ma'lumotlari","timestamp":"2025-03-18T05:12:23.404Z"}
{"label":"Lug'atim","level":"info","message":"INFO ma'lumotlari","timestamp":"2025-03-18T05:12:23.405Z"}
{"label":"Lug'atim","level":"info","message":"Log ma'lumotlari","timestamp":"2025-03-18T05:13:12.518Z"}
{"label":"Lug'atim","level":"error","message":"ERROR ma'lumotlari","timestamp":"2025-03-18T05:13:12.525Z"}
{"label":"Lug'atim","level":"warn","message":"WARN ma'lumotlari","timestamp":"2025-03-18T05:13:12.526Z"}
{"label":"Lug'atim","level":"info","message":"INFO ma'lumotlari","timestamp":"2025-03-18T05:13:12.527Z"}
{"label":"Lug'atim","level":"info","message":"Log ma'lumotlari","timestamp":"2025-03-18T05:13:17.724Z"}
{"label":"Lug'atim","level":"error","message":"ERROR ma'lumotlari","timestamp":"2025-03-18T05:13:17.730Z"}
{"label":"Lug'atim","level":"warn","message":"WARN ma'lumotlari","timestamp":"2025-03-18T05:13:17.731Z"}
{"label":"Lug'atim","level":"info","message":"INFO ma'lumotlari","timestamp":"2025-03-18T05:13:17.731Z"}
{"body":"{\r\n    \"email\":\"aar010407@gmail.com\"\r\n    \"password\":\"A5540445\"\r\n}","expose":true,"label":"Lug'atim","level":"error","status":400,"statusCode":400,"timestamp":"2025-03-18T05:13:22.040Z","type":"entity.parse.failed"}
{"label":"Lug'atim","level":"info","message":"Log ma'lumotlari","timestamp":"2025-03-18T05:18:35.624Z"}
{"label":"Lug'atim","level":"error","message":"ERROR ma'lumotlari","timestamp":"2025-03-18T05:18:35.630Z"}
{"label":"Lug'atim","level":"warn","message":"WARN ma'lumotlari","timestamp":"2025-03-18T05:18:35.631Z"}
{"label":"Lug'atim","level":"info","message":"INFO ma'lumotlari","timestamp":"2025-03-18T05:18:35.632Z"}
{"label":"Lug'atim","level":"info","message":"Log ma'lumotlari","timestamp":"2025-03-18T05:18:37.895Z"}
{"label":"Lug'atim","level":"error","message":"ERROR ma'lumotlari","timestamp":"2025-03-18T05:18:37.901Z"}
{"label":"Lug'atim","level":"warn","message":"WARN ma'lumotlari","timestamp":"2025-03-18T05:18:37.902Z"}
{"label":"Lug'atim","level":"info","message":"INFO ma'lumotlari","timestamp":"2025-03-18T05:18:37.902Z"}
{"label":"Lug'atim","level":"info","message":"Log ma'lumotlari","timestamp":"2025-03-18T05:18:42.046Z"}
{"label":"Lug'atim","level":"error","message":"ERROR ma'lumotlari","timestamp":"2025-03-18T05:18:42.053Z"}
{"label":"Lug'atim","level":"warn","message":"WARN ma'lumotlari","timestamp":"2025-03-18T05:18:42.054Z"}
{"label":"Lug'atim","level":"info","message":"INFO ma'lumotlari","timestamp":"2025-03-18T05:18:42.055Z"}
{"label":"Lug'atim","level":"info","message":"Log ma'lumotlari","timestamp":"2025-03-18T05:19:12.994Z"}
{"label":"Lug'atim","level":"error","message":"ERROR ma'lumotlari","timestamp":"2025-03-18T05:19:13.003Z"}
{"label":"Lug'atim","level":"warn","message":"WARN ma'lumotlari","timestamp":"2025-03-18T05:19:13.007Z"}
{"label":"Lug'atim","level":"info","message":"INFO ma'lumotlari","timestamp":"2025-03-18T05:19:13.008Z"}
{"label":"Lug'atim","level":"info","message":"Log ma'lumotlari","timestamp":"2025-03-18T05:19:16.437Z"}
{"label":"Lug'atim","level":"error","message":"ERROR ma'lumotlari","timestamp":"2025-03-18T05:19:16.442Z"}
{"label":"Lug'atim","level":"warn","message":"WARN ma'lumotlari","timestamp":"2025-03-18T05:19:16.445Z"}
{"label":"Lug'atim","level":"info","message":"INFO ma'lumotlari","timestamp":"2025-03-18T05:19:16.445Z"}
{"label":"Lug'atim","level":"info","message":"Log ma'lumotlari","timestamp":"2025-03-18T05:19:25.046Z"}
{"label":"Lug'atim","level":"error","message":"ERROR ma'lumotlari","timestamp":"2025-03-18T05:19:25.055Z"}
{"label":"Lug'atim","level":"warn","message":"WARN ma'lumotlari","timestamp":"2025-03-18T05:19:25.057Z"}
{"label":"Lug'atim","level":"info","message":"INFO ma'lumotlari","timestamp":"2025-03-18T05:19:25.057Z"}
{"label":"Lug'atim","level":"info","message":"Log ma'lumotlari","timestamp":"2025-03-18T05:20:16.833Z"}
{"label":"Lug'atim","level":"error","message":"ERROR ma'lumotlari","timestamp":"2025-03-18T05:20:16.840Z"}
{"label":"Lug'atim","level":"warn","message":"WARN ma'lumotlari","timestamp":"2025-03-18T05:20:16.842Z"}
{"label":"Lug'atim","level":"info","message":"INFO ma'lumotlari","timestamp":"2025-03-18T05:20:16.843Z"}
{"label":"Lug'atim","level":"info","message":"Log ma'lumotlari","timestamp":"2025-03-18T05:20:22.369Z"}
{"label":"Lug'atim","level":"error","message":"ERROR ma'lumotlari","timestamp":"2025-03-18T05:20:22.377Z"}
{"label":"Lug'atim","level":"warn","message":"WARN ma'lumotlari","timestamp":"2025-03-18T05:20:22.380Z"}
{"label":"Lug'atim","level":"info","message":"INFO ma'lumotlari","timestamp":"2025-03-18T05:20:22.380Z"}
{"label":"Lug'atim","level":"info","message":"Log ma'lumotlari","timestamp":"2025-03-18T05:20:26.149Z"}
{"label":"Lug'atim","level":"error","message":"ERROR ma'lumotlari","timestamp":"2025-03-18T05:20:26.155Z"}
{"label":"Lug'atim","level":"warn","message":"WARN ma'lumotlari","timestamp":"2025-03-18T05:20:26.156Z"}
{"label":"Lug'atim","level":"info","message":"INFO ma'lumotlari","timestamp":"2025-03-18T05:20:26.157Z"}
{"label":"Lug'atim","level":"info","message":"Log ma'lumotlari","timestamp":"2025-03-18T05:20:28.399Z"}
{"label":"Lug'atim","level":"error","message":"ERROR ma'lumotlari","timestamp":"2025-03-18T05:20:28.407Z"}
{"label":"Lug'atim","level":"warn","message":"WARN ma'lumotlari","timestamp":"2025-03-18T05:20:28.409Z"}
{"label":"Lug'atim","level":"info","message":"INFO ma'lumotlari","timestamp":"2025-03-18T05:20:28.410Z"}
{"label":"Lug'atim","level":"info","message":"Log ma'lumotlari","timestamp":"2025-03-18T05:21:48.413Z"}
{"label":"Lug'atim","level":"error","message":"ERROR ma'lumotlari","timestamp":"2025-03-18T05:21:48.419Z"}
{"label":"Lug'atim","level":"warn","message":"WARN ma'lumotlari","timestamp":"2025-03-18T05:21:48.420Z"}
{"label":"Lug'atim","level":"info","message":"INFO ma'lumotlari","timestamp":"2025-03-18T05:21:48.421Z"}
{"label":"Lug'atim","level":"info","message":"Log ma'lumotlari","timestamp":"2025-03-18T05:22:10.542Z"}
{"label":"Lug'atim","level":"error","message":"ERROR ma'lumotlari","timestamp":"2025-03-18T05:22:10.548Z"}
{"label":"Lug'atim","level":"warn","message":"WARN ma'lumotlari","timestamp":"2025-03-18T05:22:10.549Z"}
{"label":"Lug'atim","level":"info","message":"INFO ma'lumotlari","timestamp":"2025-03-18T05:22:10.550Z"}
{"label":"Lug'atim","level":"info","message":"Log ma'lumotlari","timestamp":"2025-03-18T05:23:32.030Z"}
{"label":"Lug'atim","level":"error","message":"ERROR ma'lumotlari","timestamp":"2025-03-18T05:23:32.037Z"}
{"label":"Lug'atim","level":"warn","message":"WARN ma'lumotlari","timestamp":"2025-03-18T05:23:32.038Z"}
{"label":"Lug'atim","level":"info","message":"INFO ma'lumotlari","timestamp":"2025-03-18T05:23:32.039Z"}
{"label":"Lug'atim","level":"info","message":"Log ma'lumotlari","timestamp":"2025-03-18T05:23:40.593Z"}
{"label":"Lug'atim","level":"error","message":"ERROR ma'lumotlari","timestamp":"2025-03-18T05:23:40.600Z"}
{"label":"Lug'atim","level":"warn","message":"WARN ma'lumotlari","timestamp":"2025-03-18T05:23:40.601Z"}
{"label":"Lug'atim","level":"info","message":"INFO ma'lumotlari","timestamp":"2025-03-18T05:23:40.602Z"}
{"label":"Lug'atim","level":"info","message":"Log ma'lumotlari","timestamp":"2025-03-18T05:25:12.538Z"}
{"label":"Lug'atim","level":"error","message":"ERROR ma'lumotlari","timestamp":"2025-03-18T05:25:12.544Z"}
{"label":"Lug'atim","level":"warn","message":"WARN ma'lumotlari","timestamp":"2025-03-18T05:25:12.545Z"}
{"label":"Lug'atim","level":"info","message":"INFO ma'lumotlari","timestamp":"2025-03-18T05:25:12.545Z"}
{"label":"Lug'atim","level":"info","message":"Log ma'lumotlari","timestamp":"2025-03-18T05:25:51.177Z"}
{"label":"Lug'atim","level":"error","message":"ERROR ma'lumotlari","timestamp":"2025-03-18T05:25:51.183Z"}
{"label":"Lug'atim","level":"warn","message":"WARN ma'lumotlari","timestamp":"2025-03-18T05:25:51.185Z"}
{"label":"Lug'atim","level":"info","message":"INFO ma'lumotlari","timestamp":"2025-03-18T05:25:51.185Z"}
{"label":"Lug'atim","level":"info","message":"Log ma'lumotlari","timestamp":"2025-03-18T05:32:38.134Z"}
{"label":"Lug'atim","level":"error","message":"ERROR ma'lumotlari","timestamp":"2025-03-18T05:32:38.141Z"}
{"label":"Lug'atim","level":"warn","message":"WARN ma'lumotlari","timestamp":"2025-03-18T05:32:38.142Z"}
{"label":"Lug'atim","level":"info","message":"INFO ma'lumotlari","timestamp":"2025-03-18T05:32:38.142Z"}
{"label":"Lug'atim","level":"info","message":"Log ma'lumotlari","timestamp":"2025-03-18T05:36:28.142Z"}
{"label":"Lug'atim","level":"error","message":"ERROR ma'lumotlari","timestamp":"2025-03-18T05:36:28.148Z"}
{"label":"Lug'atim","level":"warn","message":"WARN ma'lumotlari","timestamp":"2025-03-18T05:36:28.151Z"}
{"label":"Lug'atim","level":"info","message":"INFO ma'lumotlari","timestamp":"2025-03-18T05:36:28.151Z"}
{"label":"Lug'atim","level":"info","message":"Log ma'lumotlari","timestamp":"2025-03-18T05:36:31.097Z"}
{"label":"Lug'atim","level":"error","message":"ERROR ma'lumotlari","timestamp":"2025-03-18T05:36:31.104Z"}
{"label":"Lug'atim","level":"warn","message":"WARN ma'lumotlari","timestamp":"2025-03-18T05:36:31.106Z"}
{"label":"Lug'atim","level":"info","message":"INFO ma'lumotlari","timestamp":"2025-03-18T05:36:31.106Z"}
{"label":"Lug'atim","level":"info","message":"Log ma'lumotlari","timestamp":"2025-03-18T05:36:38.637Z"}
{"label":"Lug'atim","level":"error","message":"ERROR ma'lumotlari","timestamp":"2025-03-18T05:36:38.645Z"}
{"label":"Lug'atim","level":"warn","message":"WARN ma'lumotlari","timestamp":"2025-03-18T05:36:38.648Z"}
{"label":"Lug'atim","level":"info","message":"INFO ma'lumotlari","timestamp":"2025-03-18T05:36:38.649Z"}
{"label":"Lug'atim","level":"info","message":"Log ma'lumotlari","timestamp":"2025-03-18T05:36:50.088Z"}
{"label":"Lug'atim","level":"error","message":"ERROR ma'lumotlari","timestamp":"2025-03-18T05:36:50.094Z"}
{"label":"Lug'atim","level":"warn","message":"WARN ma'lumotlari","timestamp":"2025-03-18T05:36:50.096Z"}
{"label":"Lug'atim","level":"info","message":"INFO ma'lumotlari","timestamp":"2025-03-18T05:36:50.096Z"}
{"label":"Lug'atim","level":"info","message":"Log ma'lumotlari","timestamp":"2025-03-18T05:36:57.245Z"}
{"label":"Lug'atim","level":"error","message":"ERROR ma'lumotlari","timestamp":"2025-03-18T05:36:57.253Z"}
{"label":"Lug'atim","level":"warn","message":"WARN ma'lumotlari","timestamp":"2025-03-18T05:36:57.254Z"}
{"label":"Lug'atim","level":"info","message":"INFO ma'lumotlari","timestamp":"2025-03-18T05:36:57.254Z"}
{"label":"Lug'atim","level":"info","message":"Log ma'lumotlari","timestamp":"2025-03-18T06:09:33.717Z"}
{"label":"Lug'atim","level":"error","message":"ERROR ma'lumotlari","timestamp":"2025-03-18T06:09:33.721Z"}
{"label":"Lug'atim","level":"warn","message":"WARN ma'lumotlari","timestamp":"2025-03-18T06:09:33.722Z"}
{"label":"Lug'atim","level":"info","message":"INFO ma'lumotlari","timestamp":"2025-03-18T06:09:33.722Z"}
{"label":"Lug'atim","level":"info","message":"Log ma'lumotlari","timestamp":"2025-03-18T06:09:35.286Z"}
{"label":"Lug'atim","level":"error","message":"ERROR ma'lumotlari","timestamp":"2025-03-18T06:09:35.289Z"}
{"label":"Lug'atim","level":"warn","message":"WARN ma'lumotlari","timestamp":"2025-03-18T06:09:35.290Z"}
{"label":"Lug'atim","level":"info","message":"INFO ma'lumotlari","timestamp":"2025-03-18T06:09:35.290Z"}
{"label":"Lug'atim","level":"info","message":"Log ma'lumotlari","timestamp":"2025-03-18T06:09:46.004Z"}
{"label":"Lug'atim","level":"error","message":"ERROR ma'lumotlari","timestamp":"2025-03-18T06:09:46.008Z"}
{"label":"Lug'atim","level":"warn","message":"WARN ma'lumotlari","timestamp":"2025-03-18T06:09:46.009Z"}
{"label":"Lug'atim","level":"info","message":"INFO ma'lumotlari","timestamp":"2025-03-18T06:09:46.009Z"}
{"label":"Lug'atim","level":"info","message":"Log ma'lumotlari","timestamp":"2025-03-18T06:10:09.642Z"}
{"label":"Lug'atim","level":"error","message":"ERROR ma'lumotlari","timestamp":"2025-03-18T06:10:09.645Z"}
{"label":"Lug'atim","level":"warn","message":"WARN ma'lumotlari","timestamp":"2025-03-18T06:10:09.646Z"}
{"label":"Lug'atim","level":"info","message":"INFO ma'lumotlari","timestamp":"2025-03-18T06:10:09.646Z"}
{"label":"Lug'atim","level":"info","message":"Log ma'lumotlari","timestamp":"2025-03-18T06:10:33.159Z"}
{"label":"Lug'atim","level":"error","message":"ERROR ma'lumotlari","timestamp":"2025-03-18T06:10:33.163Z"}
{"label":"Lug'atim","level":"warn","message":"WARN ma'lumotlari","timestamp":"2025-03-18T06:10:33.164Z"}
{"label":"Lug'atim","level":"info","message":"INFO ma'lumotlari","timestamp":"2025-03-18T06:10:33.165Z"}
{"_original":{"confirm_password":"A5540445","email":"abrorbekrr11@gmail.com","first_name":"Karimjon","last_name":"Developer2","password":"A55404455","phone":"90-433-21-36","role":"user","username":"dev2"},"details":[{"context":{"key":"confirm_password","label":"confirm_password","valids":[{"adjust":null,"ancestor":1,"depth":1,"display":"ref:password","in":false,"iterables":null,"key":"password","map":null,"path":["password"],"root":"password","separator":".","type":"value"}],"value":"A5540445"},"message":"\"confirm_password\" must be [ref:password]","path":["confirm_password"],"type":"any.only"}],"label":"Lug'atim","level":"error","timestamp":"2025-03-19T21:03:02.436Z"}
{"code":11000,"errorLabelSet":{},"errorResponse":{"code":11000,"errmsg":"E11000 duplicate key error collection: lugatim.users index: username_1 dup key: { username: \"dev3\" }","index":0,"keyPattern":{"username":1},"keyValue":{"username":"dev3"}},"index":0,"keyPattern":{"username":1},"keyValue":{"username":"dev3"},"label":"Lug'atim","level":"error","timestamp":"2025-03-19T22:50:36.628Z"}
{"code":11000,"errorLabelSet":{},"errorResponse":{"code":11000,"errmsg":"E11000 duplicate key error collection: lugatim.users index: username_1 dup key: { username: \"dev3\" }","index":0,"keyPattern":{"username":1},"keyValue":{"username":"dev3"}},"index":0,"keyPattern":{"username":1},"keyValue":{"username":"dev3"},"label":"Lug'atim","level":"error","timestamp":"2025-03-19T22:52:40.193Z"}
{"expiredAt":"2025-03-20T05:37:48.000Z","label":"Lug'atim","level":"error","message":"jwt expired","name":"TokenExpiredError","timestamp":"2025-03-20T05:38:54.163Z"}
{"label":"Lug'atim","level":"error","message":"jwt malformed","name":"JsonWebTokenError","timestamp":"2025-03-20T05:38:54.222Z"}
{"expiredAt":"2025-03-20T05:46:12.000Z","label":"Lug'atim","level":"error","message":"jwt expired","name":"TokenExpiredError","timestamp":"2025-03-20T05:47:21.966Z"}
{"label":"Lug'atim","level":"error","message":"jwt malformed","name":"JsonWebTokenError","timestamp":"2025-03-20T05:47:21.996Z"}
{"expiredAt":"2025-03-20T06:10:06.000Z","label":"Lug'atim","level":"error","message":"jwt expired","name":"TokenExpiredError","timestamp":"2025-03-20T06:11:19.585Z"}
{"label":"Lug'atim","level":"error","message":"jwt malformed","name":"JsonWebTokenError","timestamp":"2025-03-20T06:11:19.598Z"}
{"expiredAt":"2025-03-20T06:10:06.000Z","label":"Lug'atim","level":"error","message":"jwt expired","name":"TokenExpiredError","timestamp":"2025-03-20T06:11:28.269Z"}
{"label":"Lug'atim","level":"error","message":"jwt malformed","name":"JsonWebTokenError","timestamp":"2025-03-20T06:11:28.283Z"}
{"label":"Lug'atim","level":"error","message":"invalid signature","name":"JsonWebTokenError","timestamp":"2025-03-20T06:12:29.717Z"}
{"label":"Lug'atim","level":"error","message":"invalid signature","name":"JsonWebTokenError","timestamp":"2025-03-20T06:12:31.299Z"}
{"label":"Lug'atim","level":"error","message":"invalid signature","name":"JsonWebTokenError","timestamp":"2025-03-20T06:18:43.223Z"}
{"expiredAt":"2025-03-20T06:17:57.000Z","label":"Lug'atim","level":"error","message":"jwt expired","name":"TokenExpiredError","timestamp":"2025-03-20T06:20:47.627Z"}
{"label":"Lug'atim","level":"error","message":"jwt malformed","name":"JsonWebTokenError","timestamp":"2025-03-20T06:20:47.650Z"}
{"expiredAt":"2025-03-20T06:17:57.000Z","label":"Lug'atim","level":"error","message":"jwt expired","name":"TokenExpiredError","timestamp":"2025-03-20T06:20:49.921Z"}
{"label":"Lug'atim","level":"error","message":"jwt malformed","name":"JsonWebTokenError","timestamp":"2025-03-20T06:20:49.937Z"}
{"expiredAt":"2025-03-20T06:21:24.000Z","label":"Lug'atim","level":"error","message":"jwt expired","name":"TokenExpiredError","timestamp":"2025-03-20T06:21:31.929Z"}
{"label":"Lug'atim","level":"error","message":"jwt malformed","name":"JsonWebTokenError","timestamp":"2025-03-20T06:21:31.943Z"}
